# JRE version: Java(TM) SE Runtime Environment (8.0_121-b13) (build 1.8.0_121-b13)
# Java VM: Java HotSpot(TM) 64-Bit Server VM (25.121-b13 mixed mode windows-amd64 compressed oops)
Heap:
 PSYoungGen      total 293376K, used 190558K [0x00000000e5c00000, 0x00000000fd000000, 0x0000000100000000)
  eden space 264704K, 62% used [0x00000000e5c00000,0x00000000efe732b8,0x00000000f5e80000)
  from space 28672K, 84% used [0x00000000f5e80000,0x00000000f76245c0,0x00000000f7a80000)
  to   space 31744K, 0% used [0x00000000fb100000,0x00000000fb100000,0x00000000fd000000)
 ParOldGen       total 125440K, used 49498K [0x00000000b1400000, 0x00000000b8e80000, 0x00000000e5c00000)
  object space 125440K, 39% used [0x00000000b1400000,0x00000000b4456840,0x00000000b8e80000)
 Metaspace       used 65310K, capacity 67052K, committed 67112K, reserved 1107968K
  class space    used 8311K, capacity 8712K, committed 8744K, reserved 1048576K
GC Heap History (10 events):
Event: 6.524 GC heap before
{Heap before GC invocations=12 (full 2):
 PSYoungGen      total 185856K, used 177846K [0x00000000e5c00000, 0x00000000f5380000, 0x0000000100000000)
  eden space 169472K, 100% used [0x00000000e5c00000,0x00000000f0180000,0x00000000f0180000)
  from space 16384K, 51% used [0x00000000f0180000,0x00000000f09ad988,0x00000000f1180000)
  to   space 15872K, 0% used [0x00000000f4400000,0x00000000f4400000,0x00000000f5380000)
 ParOldGen       total 74240K, used 20023K [0x00000000b1400000, 0x00000000b5c80000, 0x00000000e5c00000)
  object space 74240K, 26% used [0x00000000b1400000,0x00000000b278dea0,0x00000000b5c80000)
 Metaspace       used 42649K, capacity 43416K, committed 43688K, reserved 1087488K
  class space    used 5779K, capacity 5998K, committed 6056K, reserved 1048576K
Event: 6.536 GC heap after
Heap after GC invocations=12 (full 2):
 PSYoungGen      total 228352K, used 10525K [0x00000000e5c00000, 0x00000000f4f00000, 0x0000000100000000)
  eden space 217088K, 0% used [0x00000000e5c00000,0x00000000e5c00000,0x00000000f3000000)
  from space 11264K, 93% used [0x00000000f4400000,0x00000000f4e47778,0x00000000f4f00000)
  to   space 15872K, 0% used [0x00000000f3000000,0x00000000f3000000,0x00000000f3f80000)
 ParOldGen       total 74240K, used 20039K [0x00000000b1400000, 0x00000000b5c80000, 0x00000000e5c00000)
  object space 74240K, 26% used [0x00000000b1400000,0x00000000b2791eb8,0x00000000b5c80000)
 Metaspace       used 42649K, capacity 43416K, committed 43688K, reserved 1087488K
  class space    used 5779K, capacity 5998K, committed 6056K, reserved 1048576K
}
Event: 10.586 GC heap before
{Heap before GC invocations=13 (full 2):
 PSYoungGen      total 228352K, used 227613K [0x00000000e5c00000, 0x00000000f4f00000, 0x0000000100000000)
  eden space 217088K, 100% used [0x00000000e5c00000,0x00000000f3000000,0x00000000f3000000)
  from space 11264K, 93% used [0x00000000f4400000,0x00000000f4e47778,0x00000000f4f00000)
  to   space 15872K, 0% used [0x00000000f3000000,0x00000000f3000000,0x00000000f3f80000)
 ParOldGen       total 74240K, used 20039K [0x00000000b1400000, 0x00000000b5c80000, 0x00000000e5c00000)
  object space 74240K, 26% used [0x00000000b1400000,0x00000000b2791eb8,0x00000000b5c80000)
 Metaspace       used 50663K, capacity 52022K, committed 52136K, reserved 1093632K
  class space    used 6841K, capacity 7225K, committed 7336K, reserved 1048576K
Event: 10.618 GC heap after
Heap after GC invocations=13 (full 2):
 PSYoungGen      total 232960K, used 15851K [0x00000000e5c00000, 0x00000000f8f80000, 0x0000000100000000)
  eden space 217088K, 0% used [0x00000000e5c00000,0x00000000e5c00000,0x00000000f3000000)
  from space 15872K, 99% used [0x00000000f3000000,0x00000000f3f7af50,0x00000000f3f80000)
  to   space 21504K, 0% used [0x00000000f7a80000,0x00000000f7a80000,0x00000000f8f80000)
 ParOldGen       total 74240K, used 30256K [0x00000000b1400000, 0x00000000b5c80000, 0x00000000e5c00000)
  object space 74240K, 40% used [0x00000000b1400000,0x00000000b318c270,0x00000000b5c80000)
 Metaspace       used 50663K, capacity 52022K, committed 52136K, reserved 1093632K
  class space    used 6841K, capacity 7225K, committed 7336K, reserved 1048576K
}
Event: 15.092 GC heap before
{Heap before GC invocations=14 (full 2):
 PSYoungGen      total 232960K, used 172778K [0x00000000e5c00000, 0x00000000f8f80000, 0x0000000100000000)
  eden space 217088K, 72% used [0x00000000e5c00000,0x00000000ef53fa50,0x00000000f3000000)
  from space 15872K, 99% used [0x00000000f3000000,0x00000000f3f7af50,0x00000000f3f80000)
  to   space 21504K, 0% used [0x00000000f7a80000,0x00000000f7a80000,0x00000000f8f80000)
 ParOldGen       total 74240K, used 30256K [0x00000000b1400000, 0x00000000b5c80000, 0x00000000e5c00000)
  object space 74240K, 40% used [0x00000000b1400000,0x00000000b318c270,0x00000000b5c80000)
 Metaspace       used 57578K, capacity 58946K, committed 59160K, reserved 1099776K
  class space    used 7661K, capacity 8009K, committed 8104K, reserved 1048576K
Event: 15.124 GC heap after
Heap after GC invocations=14 (full 2):
 PSYoungGen      total 286208K, used 21482K [0x00000000e5c00000, 0x00000000f9780000, 0x0000000100000000)
  eden space 264704K, 0% used [0x00000000e5c00000,0x00000000e5c00000,0x00000000f5e80000)
  from space 21504K, 99% used [0x00000000f7a80000,0x00000000f8f7a8c8,0x00000000f8f80000)
  to   space 28672K, 0% used [0x00000000f5e80000,0x00000000f5e80000,0x00000000f7a80000)
 ParOldGen       total 74240K, used 41065K [0x00000000b1400000, 0x00000000b5c80000, 0x00000000e5c00000)
  object space 74240K, 55% used [0x00000000b1400000,0x00000000b3c1a528,0x00000000b5c80000)
 Metaspace       used 57578K, capacity 58946K, committed 59160K, reserved 1099776K
  class space    used 7661K, capacity 8009K, committed 8104K, reserved 1048576K
}
Event: 15.124 GC heap before
{Heap before GC invocations=15 (full 3):
 PSYoungGen      total 286208K, used 21482K [0x00000000e5c00000, 0x00000000f9780000, 0x0000000100000000)
  eden space 264704K, 0% used [0x00000000e5c00000,0x00000000e5c00000,0x00000000f5e80000)
  from space 21504K, 99% used [0x00000000f7a80000,0x00000000f8f7a8c8,0x00000000f8f80000)
  to   space 28672K, 0% used [0x00000000f5e80000,0x00000000f5e80000,0x00000000f7a80000)
 ParOldGen       total 74240K, used 41065K [0x00000000b1400000, 0x00000000b5c80000, 0x00000000e5c00000)
  object space 74240K, 55% used [0x00000000b1400000,0x00000000b3c1a528,0x00000000b5c80000)
 Metaspace       used 57578K, capacity 58946K, committed 59160K, reserved 1099776K
  class space    used 7661K, capacity 8009K, committed 8104K, reserved 1048576K
Event: 15.440 GC heap after
Heap after GC invocations=15 (full 3):
 PSYoungGen      total 286208K, used 0K [0x00000000e5c00000, 0x00000000f9780000, 0x0000000100000000)
  eden space 264704K, 0% used [0x00000000e5c00000,0x00000000e5c00000,0x00000000f5e80000)
  from space 21504K, 0% used [0x00000000f7a80000,0x00000000f7a80000,0x00000000f8f80000)
  to   space 28672K, 0% used [0x00000000f5e80000,0x00000000f5e80000,0x00000000f7a80000)
 ParOldGen       total 125440K, used 49490K [0x00000000b1400000, 0x00000000b8e80000, 0x00000000e5c00000)
  object space 125440K, 39% used [0x00000000b1400000,0x00000000b4454840,0x00000000b8e80000)
 Metaspace       used 57576K, capacity 58940K, committed 59160K, reserved 1099776K
  class space    used 7660K, capacity 8008K, committed 8104K, reserved 1048576K
}
Event: 19.885 GC heap before
{Heap before GC invocations=16 (full 3):
 PSYoungGen      total 286208K, used 264704K [0x00000000e5c00000, 0x00000000f9780000, 0x0000000100000000)
  eden space 264704K, 100% used [0x00000000e5c00000,0x00000000f5e80000,0x00000000f5e80000)
  from space 21504K, 0% used [0x00000000f7a80000,0x00000000f7a80000,0x00000000f8f80000)
  to   space 28672K, 0% used [0x00000000f5e80000,0x00000000f5e80000,0x00000000f7a80000)
 ParOldGen       total 125440K, used 49490K [0x00000000b1400000, 0x00000000b8e80000, 0x00000000e5c00000)
  object space 125440K, 39% used [0x00000000b1400000,0x00000000b4454840,0x00000000b8e80000)
 Metaspace       used 64793K, capacity 66450K, committed 66600K, reserved 1107968K
  class space    used 8255K, capacity 8659K, committed 8744K, reserved 1048576K
Event: 19.906 GC heap after
Heap after GC invocations=16 (full 3):
 PSYoungGen      total 293376K, used 24209K [0x00000000e5c00000, 0x00000000fd000000, 0x0000000100000000)
  eden space 264704K, 0% used [0x00000000e5c00000,0x00000000e5c00000,0x00000000f5e80000)
  from space 28672K, 84% used [0x00000000f5e80000,0x00000000f76245c0,0x00000000f7a80000)
  to   space 31744K, 0% used [0x00000000fb100000,0x00000000fb100000,0x00000000fd000000)
 ParOldGen       total 125440K, used 49498K [0x00000000b1400000, 0x00000000b8e80000, 0x00000000e5c00000)
  object space 125440K, 39% used [0x00000000b1400000,0x00000000b4456840,0x00000000b8e80000)
 Metaspace       used 64793K, capacity 66450K, committed 66600K, reserved 1107968K
  class space    used 8255K, capacity 8659K, committed 8744K, reserved 1048576K
}

